This is e-pTeX, Version 3.141592653-p3.9.0-210218-2.6 (utf8.sjis) (TeX Live 2021/W32TeX) (preloaded format=platex 2022.2.8)  11 NOV 2022 09:00
entering extended mode
 restricted \write18 enabled.
 %&-line parsing enabled.
**c:/Users/washi/Documents/Github/scilab_numerical_simulation/tex/scs
(c:/Users/washi/Documents/Github/scilab_numerical_simulation/tex/scs.tex
pLaTeX2e <2021-11-15> (based on LaTeX2e <2021-11-15> patch level 1)
L3 programming layer <2022-02-05> (c:/texlive/2021/texmf-dist/tex/latex/plautopatch/plautopatch.sty
Package: plautopatch 2021/12/07 v0.9q Automated patches for pLaTeX/upLaTeX
) (c:/texlive/2021/texmf-dist/tex/platex/jsclasses/jsarticle.cls
Document Class: jsarticle 2021/06/28 jsclasses (okumura, texjporg)
\jsc@mpt=\dimen154
\jsc@mmm=\dimen155
\jsc@smallskipamount=\skip47
LaTeX Info: Redefining \textmc on input line 497.
LaTeX Info: Redefining \textgt on input line 499.
\symmincho=\mathgroup4
LaTeX Font Info:    Overwriting symbol font `mincho' in version `bold'
(Font)                  JY1/mc/m/n --> JY1/gt/m/n on input line 561.
LaTeX Font Info:    Font shape `JT1/mc/m/n' will be
(Font)              scaled to size 9.60999pt on input line 755.
LaTeX Font Info:    Font shape `JY1/mc/m/n' will be
(Font)              scaled to size 9.60999pt on input line 755.
\fullwidth=\dimen156
LaTeX Font Info:    Font shape `JT1/mc/m/n' will be
(Font)              scaled to size 7.68799pt on input line 908.
LaTeX Font Info:    Font shape `JY1/mc/m/n' will be
(Font)              scaled to size 7.68799pt on input line 908.
\c@part=\count184
\c@section=\count185
\c@subsection=\count186
\c@subsubsection=\count187
\c@paragraph=\count188
\c@subparagraph=\count189
\@abstractbox=\box67
\c@figure=\count190
\c@table=\count191
\abovecaptionskip=\skip48
\belowcaptionskip=\skip49
\jsc@tocl@width=\dimen157
\@lnumwidth=\dimen158
\bibindent=\dimen159
(c:/texlive/2021/texmf-dist/tex/platex/jsclasses/jslogo.sty
Package: jslogo 2019/07/25 okumura, texjporg
LaTeX Info: Redefining \TeX on input line 82.
LaTeX Info: Redefining \LaTeX on input line 135.
LaTeX Info: Redefining \LaTeXe on input line 188.
)
\heisei=\count192
) (c:/texlive/2021/texmf-dist/tex/latex/listings/listings.sty (c:/texlive/2021/texmf-dist/tex/latex/graphics/keyval.sty
Package: keyval 2014/10/28 v1.15 key=value parser (DPC)
\KV@toks@=\toks17
)
\lst@mode=\count193
\lst@gtempboxa=\box68
\lst@token=\toks18
\lst@length=\count194
\lst@currlwidth=\dimen160
\lst@column=\count195
\lst@pos=\count196
\lst@lostspace=\dimen161
\lst@width=\dimen162
\lst@newlines=\count197
\lst@lineno=\count198
\lst@maxwidth=\dimen163
 (c:/texlive/2021/texmf-dist/tex/latex/listings/lstmisc.sty
File: lstmisc.sty 2020/03/24 1.8d (Carsten Heinz)
\c@lstnumber=\count199
\lst@skipnumbers=\count266
\lst@framebox=\box69
) (c:/texlive/2021/texmf-dist/tex/latex/listings/listings.cfg
File: listings.cfg 2020/03/24 1.8d listings configuration
))
Package: listings 2020/03/24 1.8d (Carsten Heinz)
 (c:/texlive/2021/texmf-dist/tex/latex/jvlisting/jvlisting.sty
Package: jvlisting 2011/11/17 v0.7 Formatted Program Listings
\jvl@idt=\count267
\jvl@tmphyphenchar=\count268
\jvl@fileinput=\read2
\listingskipamount=\skip50
\listingindent=\dimen164
\prelistingpenalty=\count269
\listingpenalty=\count270
\postlistingpenalty=\count271
) (c:/texlive/2021/texmf-dist/tex/latex/amsmath/amsmath.sty
Package: amsmath 2021/10/15 v2.17l AMS math features
\@mathmargin=\skip51

For additional information on amsmath, use the `?' option.
(c:/texlive/2021/texmf-dist/tex/latex/amsmath/amstext.sty
Package: amstext 2021/08/26 v2.01 AMS text
 (c:/texlive/2021/texmf-dist/tex/latex/amsmath/amsgen.sty
File: amsgen.sty 1999/11/30 v2.0 generic functions
\@emptytoks=\toks19
\ex@=\dimen165
)) (c:/texlive/2021/texmf-dist/tex/latex/amsmath/amsbsy.sty
Package: amsbsy 1999/11/29 v1.2d Bold Symbols
\pmbraise@=\dimen166
) (c:/texlive/2021/texmf-dist/tex/latex/amsmath/amsopn.sty
Package: amsopn 2021/08/26 v2.02 operator names
)
\inf@bad=\count272
LaTeX Info: Redefining \frac on input line 234.
\uproot@=\count273
\leftroot@=\count274
LaTeX Info: Redefining \overline on input line 399.
\classnum@=\count275
\DOTSCASE@=\count276
LaTeX Info: Redefining \ldots on input line 496.
LaTeX Info: Redefining \dots on input line 499.
LaTeX Info: Redefining \cdots on input line 620.
\Mathstrutbox@=\box70
\strutbox@=\box71
\big@size=\dimen167
LaTeX Font Info:    Redeclaring font encoding OML on input line 743.
LaTeX Font Info:    Redeclaring font encoding OMS on input line 744.
\macc@depth=\count277
\c@MaxMatrixCols=\count278
\dotsspace@=\muskip16
\c@parentequation=\count279
\dspbrk@lvl=\count280
\tag@help=\toks20
\row@=\count281
\column@=\count282
\maxfields@=\count283
\andhelp@=\toks21
\eqnshift@=\dimen168
\alignsep@=\dimen169
\tagshift@=\dimen170
\tagwidth@=\dimen171
\totwidth@=\dimen172
\lineht@=\dimen173
\@envbody=\toks22
\multlinegap=\skip52
\multlinetaggap=\skip53
\mathdisplay@stack=\toks23
LaTeX Info: Redefining \[ on input line 2938.
LaTeX Info: Redefining \] on input line 2939.
) (c:/texlive/2021/texmf-dist/tex/latex/amsfonts/amssymb.sty
Package: amssymb 2013/01/14 v3.01 AMS font symbols
 (c:/texlive/2021/texmf-dist/tex/latex/amsfonts/amsfonts.sty
Package: amsfonts 2013/01/14 v3.01 Basic AMSFonts support
\symAMSa=\mathgroup5
\symAMSb=\mathgroup6
LaTeX Font Info:    Redeclaring math symbol \hbar on input line 98.
LaTeX Font Info:    Overwriting math alphabet `\mathfrak' in version `bold'
(Font)                  U/euf/m/n --> U/euf/b/n on input line 106.
)) (c:/texlive/2021/texmf-dist/tex/latex/graphics/graphicx.sty
Package: graphicx 2021/09/16 v1.2d Enhanced LaTeX Graphics (DPC,SPQR)
 (c:/texlive/2021/texmf-dist/tex/latex/graphics/graphics.sty
Package: graphics 2021/03/04 v1.4d Standard LaTeX Graphics (DPC,SPQR)
 (c:/texlive/2021/texmf-dist/tex/latex/graphics/trig.sty
Package: trig 2021/08/11 v1.11 sin cos tan (DPC)
) (c:/texlive/2021/texmf-dist/tex/latex/graphics-cfg/graphics.cfg
File: graphics.cfg 2016/06/04 v1.11 sample graphics configuration
)
Package graphics Info: Driver file: dvipdfmx.def on input line 107.
 (c:/texlive/2021/texmf-dist/tex/latex/graphics-def/dvipdfmx.def
File: dvipdfmx.def 2021/03/18 v5.0j Graphics/color driver for dvipdfmx
))
\Gin@req@height=\dimen174
\Gin@req@width=\dimen175
) (c:/texlive/2021/texmf-dist/tex/platex/jsclasses/okuverb.sty
File: okuverb.sty 2003/09/03 okumura
LaTeX Info: Redefining \yen on input line 16.
\verbatimleftmargin=\dimen176
) (./r04ec-exp.sty (c:/texlive/2021/texmf-dist/tex/latex/geometry/geometry.sty
Package: geometry 2020/01/02 v5.9 Page Geometry
 (c:/texlive/2021/texmf-dist/tex/generic/iftex/ifvtex.sty
Package: ifvtex 2019/10/25 v1.7 ifvtex legacy package. Use iftex instead.
 (c:/texlive/2021/texmf-dist/tex/generic/iftex/iftex.sty
Package: iftex 2022/02/03 v1.0f TeX engine tests
))
\Gm@cnth=\count284
\Gm@cntv=\count285
\c@Gm@tempcnt=\count286
\Gm@bindingoffset=\dimen177
\Gm@wd@mp=\dimen178
\Gm@odd@mp=\dimen179
\Gm@even@mp=\dimen180
\Gm@layoutwidth=\dimen181
\Gm@layoutheight=\dimen182
\Gm@layouthoffset=\dimen183
\Gm@layoutvoffset=\dimen184
\Gm@dimlist=\toks24
) (c:/texlive/2021/texmf-dist/tex/latex/tools/array.sty
Package: array 2021/10/04 v2.5f Tabular extension package (FMi)
\col@sep=\dimen185
\ar@mcellbox=\box72
\extrarowheight=\dimen186
\NC@list=\toks25
\extratabsurround=\skip54
\backup@length=\skip55
\ar@cellbox=\box73
) (c:/texlive/2021/texmf-dist/tex/latex/platex-tools/plarray.sty
Package: plarray 2021/12/11 v0.1i Tabular extension package for pLaTeX/upLaTeX
)) (c:/texlive/2021/texmf-dist/tex/latex/here/here.sty) (c:/texlive/2021/texmf-dist/tex/latex/float/float.sty
Package: float 2001/11/08 v1.3d Float enhancements (AL)
\c@float@type=\count287
\float@exts=\toks26
\float@box=\box74
\@float@everytoks=\toks27
\@floatcapt=\box75
) (c:/texlive/2021/texmf-dist/tex/latex/ascmac/ascmac.sty
Package: ascmac 2020/01/15 v2.1 ascmac wrapper (community edition) 
 (c:/texlive/2021/texmf-dist/tex/latex/ascmac/tascmac.sty
Package: tascmac 2020/01/15 v2.1 ascmac package (community edition) 
\@savetbaselineshift=\dimen187
\@saveybaselineshift=\dimen188
\scb@x=\box76
\scscb@x=\box77
\@bw=\dimen189
\@nbox=\box78
\@nbody=\box79
\@scw=\dimen190
\ascmac@hoboxa=\box80
\ascmac@hoboxb=\box81
\@itemh=\dimen191
\@iboxpos=\toks28
\@iboxstr=\box82
\@bwsp=\box83
\@@bwsp=\box84
\@bcal=\count288
\shaderule=\dimen192
)) (c:/texlive/2021/texmf-dist/tex/latex/fancybox/fancybox.sty
Package: fancybox 2010/05/15 1.4

Style option: `fancybox' v1.4 <2010/05/15> (tvz)
\@fancybox=\box85
\shadowsize=\dimen193
\@Sbox=\box86
\do@VerbBox=\toks29
\the@fancyput=\toks30
\this@fancyput=\toks31
\EndVerbatimTokens=\toks32
\Verbatim@Outfile=\write3
\Verbatim@Infile=\read3
) (c:/texlive/2021/texmf-dist/tex/latex/fancyvrb/fancyvrb.sty
Package: fancyvrb 2021/12/21 4.1b verbatim text (tvz,hv)
\FV@CodeLineNo=\count289
\FV@InFile=\read4
\FV@TabBox=\box87
\c@FancyVerbLine=\count290
\FV@StepNumber=\count291
\FV@OutFile=\write4
LaTeX Info: Redefining \UseVerb on input line 1241.
) (c:/texlive/2021/texmf-dist/tex/latex/fancyhdr/fancyhdr.sty
Package: fancyhdr 2021/01/28 v4.0.1 Extensive control of page headers and footers
\f@nch@headwidth=\skip56
\f@nch@O@elh=\skip57
\f@nch@O@erh=\skip58
\f@nch@O@olh=\skip59
\f@nch@O@orh=\skip60
\f@nch@O@elf=\skip61
\f@nch@O@erf=\skip62
\f@nch@O@olf=\skip63
\f@nch@O@orf=\skip64
) (c:/texlive/2021/texmf-dist/tex/latex/lastpage/lastpage.sty
Package: lastpage 2021/09/03 v1.2n Refers to last page's name (HMM; JPG)
) (c:/texlive/2021/texmf-dist/tex/latex/cases/cases.sty
Package: cases 2020/03/29 ver 3.2
\numc@numwid=\dimen194
) (c:/texlive/2021/texmf-dist/tex/latex/caption/caption.sty
Package: caption 2020/10/26 v3.5g Customizing captions (AR)
 (c:/texlive/2021/texmf-dist/tex/latex/caption/caption3.sty
Package: caption3 2020/10/21 v2.2e caption3 kernel (AR)
\captionmargin=\dimen195
\captionmargin@=\dimen196
\captionwidth=\dimen197
\caption@tempdima=\dimen198
\caption@indent=\dimen199
\caption@parindent=\dimen256
\caption@hangindent=\dimen257
Package caption Info: Unknown document class (or package),
(caption)             standard defaults will be used.
Package caption Info: \@makecaption = \long macro:#1#2->{\small \advance \leftskip .0628\linewidth \advance \rightskip .0628\linewidth \vskip \abovecaptionskip \sbox \@tempboxa {#1\hskip 1zw\relax #2}\ifdim \wd \@tempboxa <\hsize \centering \fi #1{\hskip 1zw\relax }#2\par \vskip \belowcaptionskip } on input line 1139.
)

Package caption Warning: Unknown document class (or package),
(caption)                standard defaults will be used.
See the caption package documentation for explanation.

\c@caption@flags=\count292
\c@continuedfloat=\count293
Package caption Info: float package is loaded.
Package caption Info: listings package is loaded.
) (c:/texlive/2021/texmf-dist/tex/latex/caption/subcaption.sty
Package: subcaption 2020/10/07 v1.3j Sub-captions (AR)
\c@subfigure=\count294
\c@subtable=\count295
) (c:/texlive/2021/texmf-dist/tex/latex/listings/lstlang1.sty
File: lstlang1.sty 2020/03/24 1.8d listings language file
) (c:/texlive/2021/texmf-dist/tex/latex/listings/lstlang1.sty
File: lstlang1.sty 2020/03/24 1.8d listings language file
) (c:/texlive/2021/texmf-dist/tex/latex/listings/lstmisc.sty
File: lstmisc.sty 2020/03/24 1.8d (Carsten Heinz)
) (c:/texlive/2021/texmf-dist/tex/latex/l3backend/l3backend-dvipdfmx.def
File: l3backend-dvipdfmx.def 2022-01-12 L3 backend support: dvipdfmx
 (|extractbb --version)
\c__kernel_sys_dvipdfmx_version_int=\count296
\l__color_backend_stack_int=\count297
\g__color_backend_stack_int=\count298
\g__graphics_track_int=\count299
\l__pdf_internal_box=\box88
\g__pdf_backend_object_int=\count300
\g__pdf_backend_annotation_int=\count301
\g__pdf_backend_link_int=\count302
) (./scs.aux

LaTeX Warning: Label `crane' multiply defined.


LaTeX Warning: Label `crane' multiply defined.

)
\openout1 = `scs.aux'.

LaTeX Font Info:    Checking defaults for OML/cmm/m/it on input line 76.
LaTeX Font Info:    ... okay on input line 76.
LaTeX Font Info:    Checking defaults for OMS/cmsy/m/n on input line 76.
LaTeX Font Info:    ... okay on input line 76.
LaTeX Font Info:    Checking defaults for OT1/cmr/m/n on input line 76.
LaTeX Font Info:    ... okay on input line 76.
LaTeX Font Info:    Checking defaults for T1/cmr/m/n on input line 76.
LaTeX Font Info:    ... okay on input line 76.
LaTeX Font Info:    Checking defaults for TS1/cmr/m/n on input line 76.
LaTeX Font Info:    ... okay on input line 76.
LaTeX Font Info:    Checking defaults for OMX/cmex/m/n on input line 76.
LaTeX Font Info:    ... okay on input line 76.
LaTeX Font Info:    Checking defaults for U/cmr/m/n on input line 76.
LaTeX Font Info:    ... okay on input line 76.
LaTeX Font Info:    Checking defaults for JY1/mc/m/n on input line 76.
LaTeX Font Info:    ... okay on input line 76.
LaTeX Font Info:    Checking defaults for JT1/mc/m/n on input line 76.
LaTeX Font Info:    ... okay on input line 76.
\c@lstlisting=\count303

*geometry* detected driver: dvipdfm
*geometry* verbose mode - [ preamble ] result:
* driver: dvipdfm
* paper: <default>
* layout: <same size as paper>
* layoutoffset:(h,v)=(0.0pt,0.0pt)
* modes: 
* h-part:(L,W,R)=(56.9055pt, 483.69687pt, 56.9055pt)
* v-part:(T,H,B)=(85.35826pt, 674.33032pt, 85.35826pt)
* \paperwidth=597.50787pt
* \paperheight=845.04684pt
* \textwidth=483.69687pt
* \textheight=674.33032pt
* \oddsidemargin=-15.36449pt
* \evensidemargin=-15.36449pt
* \topmargin=-22.60892pt
* \headheight=20.0pt
* \headsep=15.69719pt
* \topskip=12.76073pt
* \footskip=28.45792pt
* \marginparwidth=18.49374pt
* \marginparsep=18.49374pt
* \columnsep=18.49374pt
* \skip\footins=16.0pt plus 5.0pt minus 2.0pt
* \hoffset=0.0pt
* \voffset=0.0pt
* \mag=1000
* \@twocolumnfalse
* \@twosidefalse
* \@mparswitchfalse
* \@reversemarginfalse
* (1in=72.27pt=25.4mm, 1cm=28.453pt)

Package lastpage Info: Please have a look at the pageslts package at
(lastpage)             https://www.ctan.org/pkg/pageslts
(lastpage)             ! on input line 76.
Package caption Info: Begin \AtBeginDocument code.
Package caption Info: End \AtBeginDocument code.
LaTeX Font Info:    Font shape `JT1/mc/m/n' will be
(Font)              scaled to size 13.83836pt on input line 79.
LaTeX Font Info:    Font shape `JY1/mc/m/n' will be
(Font)              scaled to size 13.83836pt on input line 79.
LaTeX Font Info:    Font shape `JT1/mc/bx/n' in size <14.4> not available
(Font)              Font shape `JT1/gt/m/n' tried instead on input line 79.
LaTeX Font Info:    Font shape `JT1/gt/m/n' will be
(Font)              scaled to size 13.83836pt on input line 79.
LaTeX Font Info:    Font shape `JY1/mc/bx/n' in size <14.4> not available
(Font)              Font shape `JY1/gt/m/n' tried instead on input line 79.
LaTeX Font Info:    Font shape `JY1/gt/m/n' will be
(Font)              scaled to size 13.83836pt on input line 79.
LaTeX Font Info:    Font shape `JT1/mc/m/n' will be
(Font)              scaled to size 11.53198pt on input line 79.
LaTeX Font Info:    Font shape `JY1/mc/m/n' will be
(Font)              scaled to size 11.53198pt on input line 79.
LaTeX Font Info:    Font shape `JY1/mc/m/n' will be
(Font)              scaled to size 5.76599pt on input line 79.
LaTeX Font Info:    Trying to load font information for U+msa on input line 79.
(c:/texlive/2021/texmf-dist/tex/latex/amsfonts/umsa.fd
File: umsa.fd 2013/01/14 v3.01 AMS symbols A
)
LaTeX Font Info:    Trying to load font information for U+msb on input line 79.
 (c:/texlive/2021/texmf-dist/tex/latex/amsfonts/umsb.fd
File: umsb.fd 2013/01/14 v3.01 AMS symbols B
)
LaTeX Font Info:    Font shape `JT1/mc/bx/n' in size <12> not available
(Font)              Font shape `JT1/gt/m/n' tried instead on input line 79.
LaTeX Font Info:    Font shape `JT1/gt/m/n' will be
(Font)              scaled to size 11.53198pt on input line 79.
LaTeX Font Info:    Font shape `JY1/mc/bx/n' in size <12> not available
(Font)              Font shape `JY1/gt/m/n' tried instead on input line 79.
LaTeX Font Info:    Font shape `JY1/gt/m/n' will be
(Font)              scaled to size 11.53198pt on input line 79.
LaTeX Font Info:    Font shape `JY1/mc/m/n' will be
(Font)              scaled to size 6.72699pt on input line 79.
LaTeX Font Info:    Font shape `JY1/mc/m/n' will be
(Font)              scaled to size 4.805pt on input line 79.
 [1

]
File: ../graph/bane-po.png Graphic file (type bmp)
<../graph/bane-po.png>
LaTeX Font Info:    Font shape `JT1/mc/m/n' will be
(Font)              scaled to size 8.64899pt on input line 108.
LaTeX Font Info:    Font shape `JY1/mc/m/n' will be
(Font)              scaled to size 8.64899pt on input line 108.
LaTeX Font Info:    Font shape `JT1/mc/bx/n' in size <9> not available
(Font)              Font shape `JT1/gt/m/n' tried instead on input line 108.
LaTeX Font Info:    Font shape `JT1/gt/m/n' will be
(Font)              scaled to size 8.64899pt on input line 108.
LaTeX Font Info:    Font shape `JY1/mc/bx/n' in size <9> not available
(Font)              Font shape `JY1/gt/m/n' tried instead on input line 108.
LaTeX Font Info:    Font shape `JY1/gt/m/n' will be
(Font)              scaled to size 8.64899pt on input line 108.
 [1]
File: ../graph/bane-model.png Graphic file (type bmp)
<../graph/bane-model.png>
 [2]
File: ../graph/bane-graph.png Graphic file (type bmp)
<../graph/bane-graph.png>
 [3]
LaTeX Font Info:    Font shape `JT1/gt/m/n' will be
(Font)              scaled to size 9.60999pt on input line 189.
LaTeX Font Info:    Font shape `JY1/gt/m/n' will be
(Font)              scaled to size 9.60999pt on input line 189.
 [4]
File: ../graph/bane-920.png Graphic file (type bmp)
<../graph/bane-920.png>
 [5]
File: ../graph/crane.png Graphic file (type bmp)
<../graph/crane.png>
 [6]
File: ../graph/ex-po.png Graphic file (type bmp)
<../graph/ex-po.png>
 [7] [8]
File: ../graph/ex-model-3.png Graphic file (type bmp)
<../graph/ex-model-3.png>

Overfull \hbox (14.1761pt too wide) in paragraph at lines 426--427
 [][] 
 []

LaTeX Font Info:    Font shape `JT1/mc/bx/n' in size <8> not available
(Font)              Font shape `JT1/gt/m/n' tried instead on input line 427.
LaTeX Font Info:    Font shape `JT1/gt/m/n' will be
(Font)              scaled to size 7.68799pt on input line 427.
LaTeX Font Info:    Font shape `JY1/mc/bx/n' in size <8> not available
(Font)              Font shape `JY1/gt/m/n' tried instead on input line 427.
LaTeX Font Info:    Font shape `JY1/gt/m/n' will be
(Font)              scaled to size 7.68799pt on input line 427.
File: ../graph/ex-model-4.png Graphic file (type bmp)
<../graph/ex-model-4.png>

Overfull \hbox (6.34677pt too wide) in paragraph at lines 432--433
 [][] 
 []

File: ../graph/ex-model.png Graphic file (type bmp)
<../graph/ex-model.png>

Overfull \hbox (45.65375pt too wide) in paragraph at lines 445--446
 [][] 
 []

File: ../graph/ex-model-2.png Graphic file (type bmp)
<../graph/ex-model-2.png>

Overfull \hbox (24.51285pt too wide) in paragraph at lines 451--452
 [][] 
 []

[9]
File: ../graph/pid.png Graphic file (type bmp)
<../graph/pid.png>
File: ../graph/crane/ang-fin-up.png Graphic file (type bmp)
<../graph/crane/ang-fin-up.png>

Overfull \hbox (69.75497pt too wide) in paragraph at lines 504--505
 [][] 
 []

File: ../graph/crane/po-fin-up.png Graphic file (type bmp)
<../graph/crane/po-fin-up.png>

Overfull \hbox (69.75497pt too wide) in paragraph at lines 510--511
 [][] 
 []

[10]
File: ../graph/crane/ang-0.png Graphic file (type bmp)
<../graph/crane/ang-0.png>

Overfull \hbox (77.13266pt too wide) in paragraph at lines 557--558
 [][] 
 []

File: ../graph/crane/po-0.png Graphic file (type bmp)
<../graph/crane/po-0.png>

Overfull \hbox (77.13266pt too wide) in paragraph at lines 563--564
 [][] 
 []

[11]
File: ../graph/crane/ang-P1-5-I1-0-D1-0-P2-0-I2-0-D2-0.png Graphic file (type bmp)
<../graph/crane/ang-P1-5-I1-0-D1-0-P2-0-I2-0-D2-0.png>

Overfull \hbox (77.13266pt too wide) in paragraph at lines 603--604
 [][] 
 []

File: ../graph/crane/po-P1-5-I1-0-D1-0-P2-0-I2-0-D2-0.png Graphic file (type bmp)
<../graph/crane/po-P1-5-I1-0-D1-0-P2-0-I2-0-D2-0.png>

Overfull \hbox (77.13266pt too wide) in paragraph at lines 609--610
 [][] 
 []

File: ../graph/crane/ang-P1-100-I1-0-D1-0-P2-0-I2-0-D2-0.png Graphic file (type bmp)
<../graph/crane/ang-P1-100-I1-0-D1-0-P2-0-I2-0-D2-0.png>

Overfull \hbox (77.13266pt too wide) in paragraph at lines 640--641
 [][] 
 []

File: ../graph/crane/po-P1-100-I1-0-D1-0-P2-0-I2-0-D2-0.png Graphic file (type bmp)
<../graph/crane/po-P1-100-I1-0-D1-0-P2-0-I2-0-D2-0.png>

Overfull \hbox (77.13266pt too wide) in paragraph at lines 646--647
 [][] 
 []

File: ../graph/crane/ang-P1-300-I1-0-D1-0-P2-0-I2-0-D2-0.png Graphic file (type bmp)
<../graph/crane/ang-P1-300-I1-0-D1-0-P2-0-I2-0-D2-0.png>

Overfull \hbox (77.13266pt too wide) in paragraph at lines 672--673
 [][] 
 []

File: ../graph/crane/po-P1-300-I1-0-D1-0-P2-0-I2-0-D2-0.png Graphic file (type bmp)
<../graph/crane/po-P1-300-I1-0-D1-0-P2-0-I2-0-D2-0.png>

Overfull \hbox (77.13266pt too wide) in paragraph at lines 678--679
 [][] 
 []

[12]
File: ../graph/crane/ang-P1-300-I1-0-D1-0-P2-0-I2-0-D2-0.png Graphic file (type bmp)
<../graph/crane/ang-P1-300-I1-0-D1-0-P2-0-I2-0-D2-0.png>

Overfull \hbox (77.13266pt too wide) in paragraph at lines 710--711
 [][] 
 []

File: ../graph/crane/po-P1-300-I1-0-D1-0-P2-0-I2-0-D2-0.png Graphic file (type bmp)
<../graph/crane/po-P1-300-I1-0-D1-0-P2-0-I2-0-D2-0.png>

Overfull \hbox (77.13266pt too wide) in paragraph at lines 716--717
 [][] 
 []

File: ../graph/crane/ang-P1-300-I1-0-D1-100-P2-0-I2-0-D2-0.png Graphic file (type bmp)
<../graph/crane/ang-P1-300-I1-0-D1-100-P2-0-I2-0-D2-0.png>

Overfull \hbox (77.13266pt too wide) in paragraph at lines 742--743
 [][] 
 []

File: ../graph/crane/po-P1-300-I1-0-D1-100-P2-0-I2-0-D2-0.png Graphic file (type bmp)
<../graph/crane/po-P1-300-I1-0-D1-100-P2-0-I2-0-D2-0.png>

Overfull \hbox (77.13266pt too wide) in paragraph at lines 748--749
 [][] 
 []

File: ../graph/crane/ang-P1-300-I1-100-D1-0-P2-0-I2-0-D2-0.png Graphic file (type bmp)
<../graph/crane/ang-P1-300-I1-100-D1-0-P2-0-I2-0-D2-0.png>

Overfull \hbox (77.13266pt too wide) in paragraph at lines 774--775
 [][] 
 []

File: ../graph/crane/po-P1-300-I1-100-D1-0-P2-0-I2-0-D2-0.png Graphic file (type bmp)
<../graph/crane/po-P1-300-I1-100-D1-0-P2-0-I2-0-D2-0.png>

Overfull \hbox (77.13266pt too wide) in paragraph at lines 780--781
 [][] 
 []

[13]
File: ../graph/crane/ang-P1-300-I1-0-D1-100-P2-100-I2-0-D2-0.png Graphic file (type bmp)
<../graph/crane/ang-P1-300-I1-0-D1-100-P2-100-I2-0-D2-0.png>

Overfull \hbox (77.13266pt too wide) in paragraph at lines 819--820
 [][] 
 []

File: ../graph/crane/po-P1-300-I1-0-D1-100-P2-100-I2-0-D2-0.png Graphic file (type bmp)
<../graph/crane/po-P1-300-I1-0-D1-100-P2-100-I2-0-D2-0.png>

Overfull \hbox (77.13266pt too wide) in paragraph at lines 825--826
 [][] 
 []

File: ../graph/crane/po-P1-300-I1-0-D1-100-P2-100-I2-0-D2-100.png Graphic file (type bmp)
<../graph/crane/po-P1-300-I1-0-D1-100-P2-100-I2-0-D2-100.png>

Overfull \hbox (77.13266pt too wide) in paragraph at lines 857--858
 [][] 
 []

File: ../graph/crane/ang-P1-300-I1-0-D1-100-P2-100-I2-0-D2-100.png Graphic file (type bmp)
<../graph/crane/ang-P1-300-I1-0-D1-100-P2-100-I2-0-D2-100.png>

Overfull \hbox (77.13266pt too wide) in paragraph at lines 863--864
 [][] 
 []

[14]
File: ../graph/crane/ang-P1-300-I1-0-D1-100-P2-100-I2-100-D2-0.png Graphic file (type bmp)
<../graph/crane/ang-P1-300-I1-0-D1-100-P2-100-I2-100-D2-0.png>

Overfull \hbox (77.13266pt too wide) in paragraph at lines 892--893
 [][] 
 []

File: ../graph/crane/po-P1-300-I1-0-D1-100-P2-100-I2-100-D2-0.png Graphic file (type bmp)
<../graph/crane/po-P1-300-I1-0-D1-100-P2-100-I2-100-D2-0.png>

Overfull \hbox (77.13266pt too wide) in paragraph at lines 898--899
 [][] 
 []

File: ../graph/crane/ang-P1-300-I1-0-D1-100-P2-1000-I2-1000-D2-0.png Graphic file (type bmp)
<../graph/crane/ang-P1-300-I1-0-D1-100-P2-1000-I2-1000-D2-0.png>

Overfull \hbox (77.13266pt too wide) in paragraph at lines 931--932
 [][] 
 []

File: ../graph/crane/po-P1-300-I1-0-D1-100-P2-1000-I2-1000-D2-0.png Graphic file (type bmp)
<../graph/crane/po-P1-300-I1-0-D1-100-P2-1000-I2-1000-D2-0.png>

Overfull \hbox (77.13266pt too wide) in paragraph at lines 937--938
 [][] 
 []

[15]
File: ../graph/crane/ang-P1-300-I1-0-D1-100-P2-1000-I2-1500-D2-0.png Graphic file (type bmp)
<../graph/crane/ang-P1-300-I1-0-D1-100-P2-1000-I2-1500-D2-0.png>

Overfull \hbox (77.13266pt too wide) in paragraph at lines 967--968
 [][] 
 []

File: ../graph/crane/po-P1-300-I1-0-D1-100-P2-1000-I2-1500-D2-0.png Graphic file (type bmp)
<../graph/crane/po-P1-300-I1-0-D1-100-P2-1000-I2-1500-D2-0.png>

Overfull \hbox (77.13266pt too wide) in paragraph at lines 973--974
 [][] 
 []

File: ../graph/crane/ang-P1-300-I1-0-D1-200-P2-1000-I2-1500-D2-0.png Graphic file (type bmp)
<../graph/crane/ang-P1-300-I1-0-D1-200-P2-1000-I2-1500-D2-0.png>

Overfull \hbox (77.13266pt too wide) in paragraph at lines 1005--1006
 [][] 
 []

File: ../graph/crane/po-P1-300-I1-0-D1-200-P2-1000-I2-1500-D2-0.png Graphic file (type bmp)
<../graph/crane/po-P1-300-I1-0-D1-200-P2-1000-I2-1500-D2-0.png>

Overfull \hbox (77.13266pt too wide) in paragraph at lines 1011--1012
 [][] 
 []

File: ../graph/crane/ang-final.png Graphic file (type bmp)
<../graph/crane/ang-final.png>

Overfull \hbox (77.13266pt too wide) in paragraph at lines 1041--1042
 [][] 
 []

File: ../graph/crane/po-final.png Graphic file (type bmp)
<../graph/crane/po-final.png>

Overfull \hbox (77.13266pt too wide) in paragraph at lines 1047--1048
 [][] 
 []

File: ../graph/crane/ang-max.png Graphic file (type bmp)
<../graph/crane/ang-max.png>

Overfull \hbox (77.13266pt too wide) in paragraph at lines 1075--1076
 [][] 
 []

File: ../graph/crane/po-max.png Graphic file (type bmp)
<../graph/crane/po-max.png>

Overfull \hbox (77.13266pt too wide) in paragraph at lines 1081--1082
 [][] 
 []

[16]
***** List of packages loaded by `plautopatch': *****
 plarray.
*****************************************************

AED: lastpage setting LastPage
[17] (./scs.aux)

LaTeX Warning: There were multiply-defined labels.

 ) 
Here is how much of TeX's memory you used:
 7397 strings out of 478741
 126941 string characters out of 5862113
 623863 words of memory out of 5000000
 25683 multiletter control sequences out of 15000+600000
 486984 words of font info for 110 fonts, out of 8000000 for 9000
 934 hyphenation exceptions out of 8191
 70i,13n,76p,321b,667s stack positions out of 5000i,500n,10000p,200000b,80000s

Output written on scs.dvi (18 pages, 63052 bytes).
